c:\users\alext\source\repos\rational_fractions\rational_fractions\x64\debug\vc143.pdb
c:\users\alext\source\repos\rational_fractions\rational_fractions\x64\debug\vc143.idb
c:\users\alext\source\repos\rational_fractions\rational_fractions\x64\debug\rational.obj
c:\users\alext\source\repos\rational_fractions\rational_fractions\x64\debug\main.obj
c:\users\alext\source\repos\rational_fractions\rational_fractions\x64\debug\matrix.obj
c:\users\alext\source\repos\rational_fractions\x64\debug\rational_fractions.pdb
c:\users\alext\source\repos\rational_fractions\rational_fractions\x64\debug\rational.b0859feb.tlog\cl.command.1.tlog
c:\users\alext\source\repos\rational_fractions\rational_fractions\x64\debug\rational.b0859feb.tlog\cl.items.tlog
c:\users\alext\source\repos\rational_fractions\rational_fractions\x64\debug\rational.b0859feb.tlog\cl.read.1.tlog
c:\users\alext\source\repos\rational_fractions\rational_fractions\x64\debug\rational.b0859feb.tlog\cl.write.1.tlog
c:\users\alext\source\repos\rational_fractions\rational_fractions\x64\debug\rational.b0859feb.tlog\link-cvtres.read.1.tlog
c:\users\alext\source\repos\rational_fractions\rational_fractions\x64\debug\rational.b0859feb.tlog\link-cvtres.write.1.tlog
c:\users\alext\source\repos\rational_fractions\rational_fractions\x64\debug\rational.b0859feb.tlog\link-rc.read.1.tlog
c:\users\alext\source\repos\rational_fractions\rational_fractions\x64\debug\rational.b0859feb.tlog\link-rc.write.1.tlog
c:\users\alext\source\repos\rational_fractions\rational_fractions\x64\debug\rational.b0859feb.tlog\link.6116-cvtres.read.1.tlog
c:\users\alext\source\repos\rational_fractions\rational_fractions\x64\debug\rational.b0859feb.tlog\link.6116-cvtres.write.1.tlog
c:\users\alext\source\repos\rational_fractions\rational_fractions\x64\debug\rational.b0859feb.tlog\link.6116-rc.read.1.tlog
c:\users\alext\source\repos\rational_fractions\rational_fractions\x64\debug\rational.b0859feb.tlog\link.6116-rc.write.1.tlog
c:\users\alext\source\repos\rational_fractions\rational_fractions\x64\debug\rational.b0859feb.tlog\link.6116.read.1.tlog
c:\users\alext\source\repos\rational_fractions\rational_fractions\x64\debug\rational.b0859feb.tlog\link.6116.read.3.tlog
c:\users\alext\source\repos\rational_fractions\rational_fractions\x64\debug\rational.b0859feb.tlog\link.6116.write.1.tlog
c:\users\alext\source\repos\rational_fractions\rational_fractions\x64\debug\rational.b0859feb.tlog\link.command.1.tlog
c:\users\alext\source\repos\rational_fractions\rational_fractions\x64\debug\rational.b0859feb.tlog\link.read.1.tlog
c:\users\alext\source\repos\rational_fractions\rational_fractions\x64\debug\rational.b0859feb.tlog\link.read.2.tlog
c:\users\alext\source\repos\rational_fractions\rational_fractions\x64\debug\rational.b0859feb.tlog\link.write.1.tlog
